c:\users\benja\desktop\sim uol\year 2 sem 1\object orientated programming\my submissions\tradingbotmidterms\debug\vc142.pdb
c:\users\benja\desktop\sim uol\year 2 sem 1\object orientated programming\my submissions\tradingbotmidterms\debug\vc142.idb
c:\users\benja\desktop\sim uol\year 2 sem 1\object orientated programming\my submissions\tradingbotmidterms\debug\wallet.obj
c:\users\benja\desktop\sim uol\year 2 sem 1\object orientated programming\my submissions\tradingbotmidterms\debug\orderbookentry.obj
c:\users\benja\desktop\sim uol\year 2 sem 1\object orientated programming\my submissions\tradingbotmidterms\debug\merkelmain.obj
c:\users\benja\desktop\sim uol\year 2 sem 1\object orientated programming\my submissions\tradingbotmidterms\debug\main.obj
c:\users\benja\desktop\sim uol\year 2 sem 1\object orientated programming\my submissions\tradingbotmidterms\debug\helpcmds.obj
c:\users\benja\desktop\sim uol\year 2 sem 1\object orientated programming\my submissions\tradingbotmidterms\debug\currenttrend.obj
c:\users\benja\desktop\sim uol\year 2 sem 1\object orientated programming\my submissions\tradingbotmidterms\debug\csvreader.obj
c:\users\benja\desktop\sim uol\year 2 sem 1\object orientated programming\my submissions\tradingbotmidterms\debug\advisorbot.obj
c:\users\benja\desktop\sim uol\year 2 sem 1\object orientated programming\my submissions\tradingbotmidterms\debug\orderbook.obj
c:\users\benja\desktop\sim uol\year 2 sem 1\object orientated programming\my submissions\tradingbotmidterms\debug\tradingbotmidterms.ilk
c:\users\benja\desktop\sim uol\year 2 sem 1\object orientated programming\my submissions\tradingbotmidterms\debug\tradingbotmidterms.pdb
c:\users\benja\desktop\sim uol\year 2 sem 1\object orientated programming\my submissions\tradingbotmidterms\debug\tradingbotmidterms.exe
c:\users\benja\desktop\sim uol\year 2 sem 1\object orientated programming\my submissions\tradingbotmidterms\debug\tradingb.f91c5dfc.tlog\cl.command.1.tlog
c:\users\benja\desktop\sim uol\year 2 sem 1\object orientated programming\my submissions\tradingbotmidterms\debug\tradingb.f91c5dfc.tlog\cl.read.1.tlog
c:\users\benja\desktop\sim uol\year 2 sem 1\object orientated programming\my submissions\tradingbotmidterms\debug\tradingb.f91c5dfc.tlog\cl.write.1.tlog
c:\users\benja\desktop\sim uol\year 2 sem 1\object orientated programming\my submissions\tradingbotmidterms\debug\tradingb.f91c5dfc.tlog\link.command.1.tlog
c:\users\benja\desktop\sim uol\year 2 sem 1\object orientated programming\my submissions\tradingbotmidterms\debug\tradingb.f91c5dfc.tlog\link.read.1.tlog
c:\users\benja\desktop\sim uol\year 2 sem 1\object orientated programming\my submissions\tradingbotmidterms\debug\tradingb.f91c5dfc.tlog\link.write.1.tlog
